

Started GET "/" for 127.0.0.1 at 2015-04-01 18:19:27 +0530
Processing by Rails::WelcomeController#index as HTML
  Rendered /Users/lrajanal/.rvm/gems/ruby-2.1.0@global/gems/railties-4.1.8/lib/rails/templates/rails/welcome/index.html.erb (1.4ms)
Completed 200 OK in 15ms (Views: 5.6ms | ActiveRecord: 0.0ms)
  [1m[36m (0.9ms)[0m  [1mCREATE TABLE "schema_migrations" ("version" varchar(255) NOT NULL) [0m
  [1m[35m (0.4ms)[0m  select sqlite_version(*)
  [1m[36m (0.8ms)[0m  [1mCREATE UNIQUE INDEX "unique_schema_migrations" ON "schema_migrations" ("version")[0m
  [1m[35mActiveRecord::SchemaMigration Load (0.1ms)[0m  SELECT "schema_migrations".* FROM "schema_migrations"
Migrating to CreatePosts (20150401125916)
  [1m[36m (0.1ms)[0m  [1mbegin transaction[0m
  [1m[35m (0.3ms)[0m  CREATE TABLE "posts" ("id" INTEGER PRIMARY KEY AUTOINCREMENT NOT NULL, "title" varchar(255), "body" text, "created_at" datetime, "updated_at" datetime) 
  [1m[36mSQL (0.2ms)[0m  [1mINSERT INTO "schema_migrations" ("version") VALUES (?)[0m  [["version", "20150401125916"]]
  [1m[35m (0.8ms)[0m  commit transaction
Migrating to CreateComments (20150401130032)
  [1m[36m (0.0ms)[0m  [1mbegin transaction[0m
  [1m[35m (0.3ms)[0m  CREATE TABLE "comments" ("id" INTEGER PRIMARY KEY AUTOINCREMENT NOT NULL, "post_id" integer, "body" text, "created_at" datetime, "updated_at" datetime) 
  [1m[36mSQL (0.1ms)[0m  [1mINSERT INTO "schema_migrations" ("version") VALUES (?)[0m  [["version", "20150401130032"]]
  [1m[35m (0.7ms)[0m  commit transaction
  [1m[36mActiveRecord::SchemaMigration Load (0.1ms)[0m  [1mSELECT "schema_migrations".* FROM "schema_migrations"[0m


Started GET "/" for 127.0.0.1 at 2015-04-02 23:19:08 +0530
  [1m[36mActiveRecord::SchemaMigration Load (0.5ms)[0m  [1mSELECT "schema_migrations".* FROM "schema_migrations"[0m
Processing by Rails::WelcomeController#index as HTML
  Rendered /Users/lrajanal/.rvm/gems/ruby-2.1.0@global/gems/railties-4.1.8/lib/rails/templates/rails/welcome/index.html.erb (1.9ms)
Completed 200 OK in 16ms (Views: 8.3ms | ActiveRecord: 0.0ms)


Started GET "/comments" for 127.0.0.1 at 2015-04-02 23:19:17 +0530
Processing by CommentsController#index as HTML
  [1m[35mComment Load (0.5ms)[0m  SELECT "comments".* FROM "comments"
  Rendered comments/index.html.erb within layouts/application (2.0ms)
Completed 200 OK in 1591ms (Views: 1588.2ms | ActiveRecord: 0.5ms)


Started GET "/assets/comments.css?body=1" for 127.0.0.1 at 2015-04-02 23:19:18 +0530


Started GET "/assets/scaffolds.css?body=1" for 127.0.0.1 at 2015-04-02 23:19:18 +0530


Started GET "/assets/posts.css?body=1" for 127.0.0.1 at 2015-04-02 23:19:18 +0530


Started GET "/assets/application.css?body=1" for 127.0.0.1 at 2015-04-02 23:19:18 +0530


Started GET "/assets/jquery.js?body=1" for 127.0.0.1 at 2015-04-02 23:19:18 +0530


Started GET "/assets/jquery_ujs.js?body=1" for 127.0.0.1 at 2015-04-02 23:19:18 +0530


Started GET "/assets/turbolinks.js?body=1" for 127.0.0.1 at 2015-04-02 23:19:18 +0530


Started GET "/assets/comments.js?body=1" for 127.0.0.1 at 2015-04-02 23:19:18 +0530


Started GET "/assets/posts.js?body=1" for 127.0.0.1 at 2015-04-02 23:19:18 +0530


Started GET "/assets/application.js?body=1" for 127.0.0.1 at 2015-04-02 23:19:18 +0530


Started GET "/comments" for 127.0.0.1 at 2015-04-02 23:19:25 +0530
Processing by CommentsController#index as HTML
  [1m[36mComment Load (0.5ms)[0m  [1mSELECT "comments".* FROM "comments"[0m
  Rendered comments/index.html.erb within layouts/application (2.5ms)
Completed 200 OK in 63ms (Views: 58.8ms | ActiveRecord: 0.5ms)


Started GET "/assets/jquery_ujs.js?body=1" for 127.0.0.1 at 2015-04-02 23:19:25 +0530


Started GET "/assets/turbolinks.js?body=1" for 127.0.0.1 at 2015-04-02 23:19:25 +0530


Started GET "/assets/jquery.js?body=1" for 127.0.0.1 at 2015-04-02 23:19:25 +0530


Started GET "/assets/posts.css?body=1" for 127.0.0.1 at 2015-04-02 23:19:25 +0530


Started GET "/assets/scaffolds.css?body=1" for 127.0.0.1 at 2015-04-02 23:19:25 +0530


Started GET "/assets/application.css?body=1" for 127.0.0.1 at 2015-04-02 23:19:25 +0530


Started GET "/assets/comments.js?body=1" for 127.0.0.1 at 2015-04-02 23:19:25 +0530


Started GET "/assets/posts.js?body=1" for 127.0.0.1 at 2015-04-02 23:19:25 +0530


Started GET "/assets/comments.css?body=1" for 127.0.0.1 at 2015-04-02 23:19:25 +0530


Started GET "/assets/application.js?body=1" for 127.0.0.1 at 2015-04-02 23:19:25 +0530


Started GET "/comments" for 127.0.0.1 at 2015-04-02 23:19:30 +0530
Processing by CommentsController#index as HTML
  [1m[35mComment Load (0.1ms)[0m  SELECT "comments".* FROM "comments"
  Rendered comments/index.html.erb within layouts/application (0.8ms)
Completed 200 OK in 52ms (Views: 51.4ms | ActiveRecord: 0.1ms)


Started GET "/assets/comments.css?body=1" for 127.0.0.1 at 2015-04-02 23:19:30 +0530


Started GET "/assets/jquery_ujs.js?body=1" for 127.0.0.1 at 2015-04-02 23:19:30 +0530


Started GET "/assets/scaffolds.css?body=1" for 127.0.0.1 at 2015-04-02 23:19:30 +0530


Started GET "/assets/posts.css?body=1" for 127.0.0.1 at 2015-04-02 23:19:30 +0530


Started GET "/assets/comments.js?body=1" for 127.0.0.1 at 2015-04-02 23:19:30 +0530


Started GET "/assets/application.css?body=1" for 127.0.0.1 at 2015-04-02 23:19:30 +0530


Started GET "/assets/posts.js?body=1" for 127.0.0.1 at 2015-04-02 23:19:30 +0530


Started GET "/assets/jquery.js?body=1" for 127.0.0.1 at 2015-04-02 23:19:30 +0530


Started GET "/assets/turbolinks.js?body=1" for 127.0.0.1 at 2015-04-02 23:19:30 +0530


Started GET "/assets/application.js?body=1" for 127.0.0.1 at 2015-04-02 23:19:30 +0530


Started GET "/assets/comments.css?body=1" for 127.0.0.1 at 2015-04-02 23:20:03 +0530


Started GET "/assets/scaffolds.css?body=1" for 127.0.0.1 at 2015-04-02 23:20:03 +0530


Started GET "/assets/application.css?body=1" for 127.0.0.1 at 2015-04-02 23:20:03 +0530


Started GET "/assets/posts.css?body=1" for 127.0.0.1 at 2015-04-02 23:20:03 +0530


Started GET "/comments/new" for 127.0.0.1 at 2015-04-02 23:27:07 +0530
Processing by CommentsController#new as HTML
  Rendered comments/_form.html.erb (20.8ms)
  Rendered comments/new.html.erb within layouts/application (26.0ms)
Completed 200 OK in 80ms (Views: 78.7ms | ActiveRecord: 0.2ms)


Started GET "/comments" for 127.0.0.1 at 2015-04-02 23:37:52 +0530
Processing by CommentsController#index as HTML
  [1m[36mComment Load (0.1ms)[0m  [1mSELECT "comments".* FROM "comments"[0m
  Rendered comments/index.html.erb within layouts/application (0.9ms)
Completed 200 OK in 47ms (Views: 46.7ms | ActiveRecord: 0.1ms)


Started GET "/assets/comments.css?body=1" for 127.0.0.1 at 2015-04-02 23:37:52 +0530


Started GET "/assets/scaffolds.css?body=1" for 127.0.0.1 at 2015-04-02 23:37:52 +0530


Started GET "/assets/posts.css?body=1" for 127.0.0.1 at 2015-04-02 23:37:52 +0530


Started GET "/assets/turbolinks.js?body=1" for 127.0.0.1 at 2015-04-02 23:37:52 +0530


Started GET "/assets/jquery.js?body=1" for 127.0.0.1 at 2015-04-02 23:37:52 +0530


Started GET "/assets/comments.js?body=1" for 127.0.0.1 at 2015-04-02 23:37:52 +0530


Started GET "/assets/application.js?body=1" for 127.0.0.1 at 2015-04-02 23:37:52 +0530


Started GET "/assets/application.css?body=1" for 127.0.0.1 at 2015-04-02 23:37:52 +0530


Started GET "/assets/jquery_ujs.js?body=1" for 127.0.0.1 at 2015-04-02 23:37:52 +0530


Started GET "/assets/posts.js?body=1" for 127.0.0.1 at 2015-04-02 23:37:52 +0530


Started GET "/comments/new" for 127.0.0.1 at 2015-04-02 23:38:14 +0530
Processing by CommentsController#new as HTML
  Rendered comments/_form.html.erb (1.5ms)
  Rendered comments/new.html.erb within layouts/application (2.3ms)
Completed 200 OK in 56ms (Views: 55.3ms | ActiveRecord: 0.0ms)


Started POST "/comments" for 127.0.0.1 at 2015-04-02 23:38:38 +0530
Processing by CommentsController#create as HTML
  Parameters: {"utf8"=>"✓", "authenticity_token"=>"r+oiE/jahux843FmCWWBnIYTAIx2K6t3/I8yTRvmBwc=", "comment"=>{"post_id"=>"1", "body"=>"first comment"}, "commit"=>"Create Comment"}
  [1m[35m (0.1ms)[0m  begin transaction
  [1m[36mSQL (0.7ms)[0m  [1mINSERT INTO "comments" ("body", "created_at", "post_id", "updated_at") VALUES (?, ?, ?, ?)[0m  [["body", "first comment"], ["created_at", "2015-04-02 18:08:38.757020"], ["post_id", 1], ["updated_at", "2015-04-02 18:08:38.757020"]]
  [1m[35m (0.7ms)[0m  commit transaction
Redirected to http://localhost:3000/comments/1
Completed 302 Found in 7ms (ActiveRecord: 1.4ms)


Started GET "/comments/1" for 127.0.0.1 at 2015-04-02 23:38:38 +0530
Processing by CommentsController#show as HTML
  Parameters: {"id"=>"1"}
  [1m[36mComment Load (0.2ms)[0m  [1mSELECT  "comments".* FROM "comments"  WHERE "comments"."id" = ? LIMIT 1[0m  [["id", 1]]
  Rendered comments/show.html.erb within layouts/application (0.9ms)
Completed 200 OK in 56ms (Views: 53.5ms | ActiveRecord: 0.2ms)


Started GET "/assets/comments.css?body=1" for 127.0.0.1 at 2015-04-02 23:38:38 +0530


Started GET "/assets/jquery.js?body=1" for 127.0.0.1 at 2015-04-02 23:38:38 +0530


Started GET "/assets/turbolinks.js?body=1" for 127.0.0.1 at 2015-04-02 23:38:38 +0530


Started GET "/assets/scaffolds.css?body=1" for 127.0.0.1 at 2015-04-02 23:38:38 +0530


Started GET "/assets/application.css?body=1" for 127.0.0.1 at 2015-04-02 23:38:38 +0530


Started GET "/assets/posts.css?body=1" for 127.0.0.1 at 2015-04-02 23:38:38 +0530


Started GET "/assets/jquery_ujs.js?body=1" for 127.0.0.1 at 2015-04-02 23:38:38 +0530


Started GET "/assets/comments.js?body=1" for 127.0.0.1 at 2015-04-02 23:38:38 +0530


Started GET "/assets/posts.js?body=1" for 127.0.0.1 at 2015-04-02 23:38:38 +0530


Started GET "/assets/application.js?body=1" for 127.0.0.1 at 2015-04-02 23:38:38 +0530


Started GET "/comments" for 127.0.0.1 at 2015-04-02 23:39:28 +0530
Processing by CommentsController#index as */*
  [1m[35mComment Load (0.1ms)[0m  SELECT "comments".* FROM "comments"
  Rendered comments/index.html.erb within layouts/application (3.2ms)
Completed 200 OK in 74ms (Views: 69.9ms | ActiveRecord: 0.1ms)


Started GET "/comments" for 127.0.0.1 at 2015-04-02 23:39:41 +0530
Processing by CommentsController#index as */*
  [1m[36mComment Load (0.2ms)[0m  [1mSELECT "comments".* FROM "comments"[0m
  Rendered comments/index.html.erb within layouts/application (2.3ms)
Completed 200 OK in 80ms (Views: 79.2ms | ActiveRecord: 0.2ms)


Started POST "/comments/new" for 127.0.0.1 at 2015-04-02 23:40:55 +0530
Error occurred while parsing request parameters.
Contents:

{
comment[post_id]:2
comment[body]:second comment
}

ActionDispatch::ParamsParser::ParseError (795: unexpected token at '{
comment[post_id]:2
comment[body]:second comment
}'):
  actionpack (4.1.8) lib/action_dispatch/middleware/params_parser.rb:53:in `rescue in parse_formatted_parameters'
  actionpack (4.1.8) lib/action_dispatch/middleware/params_parser.rb:32:in `parse_formatted_parameters'
  actionpack (4.1.8) lib/action_dispatch/middleware/params_parser.rb:23:in `call'
  actionpack (4.1.8) lib/action_dispatch/middleware/flash.rb:254:in `call'
  rack (1.5.2) lib/rack/session/abstract/id.rb:225:in `context'
  rack (1.5.2) lib/rack/session/abstract/id.rb:220:in `call'
  actionpack (4.1.8) lib/action_dispatch/middleware/cookies.rb:560:in `call'
  activerecord (4.1.8) lib/active_record/query_cache.rb:36:in `call'
  activerecord (4.1.8) lib/active_record/connection_adapters/abstract/connection_pool.rb:621:in `call'
  activerecord (4.1.8) lib/active_record/migration.rb:380:in `call'
  actionpack (4.1.8) lib/action_dispatch/middleware/callbacks.rb:29:in `block in call'
  activesupport (4.1.8) lib/active_support/callbacks.rb:82:in `run_callbacks'
  actionpack (4.1.8) lib/action_dispatch/middleware/callbacks.rb:27:in `call'
  actionpack (4.1.8) lib/action_dispatch/middleware/reloader.rb:73:in `call'
  actionpack (4.1.8) lib/action_dispatch/middleware/remote_ip.rb:76:in `call'
  actionpack (4.1.8) lib/action_dispatch/middleware/debug_exceptions.rb:17:in `call'
  actionpack (4.1.8) lib/action_dispatch/middleware/show_exceptions.rb:30:in `call'
  railties (4.1.8) lib/rails/rack/logger.rb:38:in `call_app'
  railties (4.1.8) lib/rails/rack/logger.rb:20:in `block in call'
  activesupport (4.1.8) lib/active_support/tagged_logging.rb:68:in `block in tagged'
  activesupport (4.1.8) lib/active_support/tagged_logging.rb:26:in `tagged'
  activesupport (4.1.8) lib/active_support/tagged_logging.rb:68:in `tagged'
  railties (4.1.8) lib/rails/rack/logger.rb:20:in `call'
  actionpack (4.1.8) lib/action_dispatch/middleware/request_id.rb:21:in `call'
  rack (1.5.2) lib/rack/methodoverride.rb:21:in `call'
  rack (1.5.2) lib/rack/runtime.rb:17:in `call'
  activesupport (4.1.8) lib/active_support/cache/strategy/local_cache_middleware.rb:26:in `call'
  rack (1.5.2) lib/rack/lock.rb:17:in `call'
  actionpack (4.1.8) lib/action_dispatch/middleware/static.rb:84:in `call'
  rack (1.5.2) lib/rack/sendfile.rb:112:in `call'
  railties (4.1.8) lib/rails/engine.rb:514:in `call'
  railties (4.1.8) lib/rails/application.rb:144:in `call'
  rack (1.5.2) lib/rack/lock.rb:17:in `call'
  rack (1.5.2) lib/rack/content_length.rb:14:in `call'
  rack (1.5.2) lib/rack/handler/webrick.rb:60:in `service'
  /Users/lrajanal/.rvm/rubies/ruby-2.1.0/lib/ruby/2.1.0/webrick/httpserver.rb:138:in `service'
  /Users/lrajanal/.rvm/rubies/ruby-2.1.0/lib/ruby/2.1.0/webrick/httpserver.rb:94:in `run'
  /Users/lrajanal/.rvm/rubies/ruby-2.1.0/lib/ruby/2.1.0/webrick/server.rb:295:in `block in start_thread'


  Rendered /Users/lrajanal/.rvm/gems/ruby-2.1.0@global/gems/actionpack-4.1.8/lib/action_dispatch/middleware/templates/rescues/_source.erb (2.0ms)
  Rendered /Users/lrajanal/.rvm/gems/ruby-2.1.0@global/gems/actionpack-4.1.8/lib/action_dispatch/middleware/templates/rescues/_trace.html.erb (1.1ms)
  Rendered /Users/lrajanal/.rvm/gems/ruby-2.1.0@global/gems/actionpack-4.1.8/lib/action_dispatch/middleware/templates/rescues/_request_and_response.html.erb (2.9ms)
  Rendered /Users/lrajanal/.rvm/gems/ruby-2.1.0@global/gems/actionpack-4.1.8/lib/action_dispatch/middleware/templates/rescues/diagnostics.erb within rescues/layout (23.2ms)


Started POST "/comments/new" for 127.0.0.1 at 2015-04-02 23:42:09 +0530
Error occurred while parsing request parameters.
Contents:

{
authenticity_token:r+oiE/jahux843FmCWWBnIYTAIx2K6t3/I8yTRvmBwc=
comment[post_id]:2
comment[body]:second comment
commit:Create Comment
}

ActionDispatch::ParamsParser::ParseError (795: unexpected token at '{
authenticity_token:r+oiE/jahux843FmCWWBnIYTAIx2K6t3/I8yTRvmBwc=
comment[post_id]:2
comment[body]:second comment
commit:Create Comment
}'):
  actionpack (4.1.8) lib/action_dispatch/middleware/params_parser.rb:53:in `rescue in parse_formatted_parameters'
  actionpack (4.1.8) lib/action_dispatch/middleware/params_parser.rb:32:in `parse_formatted_parameters'
  actionpack (4.1.8) lib/action_dispatch/middleware/params_parser.rb:23:in `call'
  actionpack (4.1.8) lib/action_dispatch/middleware/flash.rb:254:in `call'
  rack (1.5.2) lib/rack/session/abstract/id.rb:225:in `context'
  rack (1.5.2) lib/rack/session/abstract/id.rb:220:in `call'
  actionpack (4.1.8) lib/action_dispatch/middleware/cookies.rb:560:in `call'
  activerecord (4.1.8) lib/active_record/query_cache.rb:36:in `call'
  activerecord (4.1.8) lib/active_record/connection_adapters/abstract/connection_pool.rb:621:in `call'
  activerecord (4.1.8) lib/active_record/migration.rb:380:in `call'
  actionpack (4.1.8) lib/action_dispatch/middleware/callbacks.rb:29:in `block in call'
  activesupport (4.1.8) lib/active_support/callbacks.rb:82:in `run_callbacks'
  actionpack (4.1.8) lib/action_dispatch/middleware/callbacks.rb:27:in `call'
  actionpack (4.1.8) lib/action_dispatch/middleware/reloader.rb:73:in `call'
  actionpack (4.1.8) lib/action_dispatch/middleware/remote_ip.rb:76:in `call'
  actionpack (4.1.8) lib/action_dispatch/middleware/debug_exceptions.rb:17:in `call'
  actionpack (4.1.8) lib/action_dispatch/middleware/show_exceptions.rb:30:in `call'
  railties (4.1.8) lib/rails/rack/logger.rb:38:in `call_app'
  railties (4.1.8) lib/rails/rack/logger.rb:20:in `block in call'
  activesupport (4.1.8) lib/active_support/tagged_logging.rb:68:in `block in tagged'
  activesupport (4.1.8) lib/active_support/tagged_logging.rb:26:in `tagged'
  activesupport (4.1.8) lib/active_support/tagged_logging.rb:68:in `tagged'
  railties (4.1.8) lib/rails/rack/logger.rb:20:in `call'
  actionpack (4.1.8) lib/action_dispatch/middleware/request_id.rb:21:in `call'
  rack (1.5.2) lib/rack/methodoverride.rb:21:in `call'
  rack (1.5.2) lib/rack/runtime.rb:17:in `call'
  activesupport (4.1.8) lib/active_support/cache/strategy/local_cache_middleware.rb:26:in `call'
  rack (1.5.2) lib/rack/lock.rb:17:in `call'
  actionpack (4.1.8) lib/action_dispatch/middleware/static.rb:84:in `call'
  rack (1.5.2) lib/rack/sendfile.rb:112:in `call'
  railties (4.1.8) lib/rails/engine.rb:514:in `call'
  railties (4.1.8) lib/rails/application.rb:144:in `call'
  rack (1.5.2) lib/rack/lock.rb:17:in `call'
  rack (1.5.2) lib/rack/content_length.rb:14:in `call'
  rack (1.5.2) lib/rack/handler/webrick.rb:60:in `service'
  /Users/lrajanal/.rvm/rubies/ruby-2.1.0/lib/ruby/2.1.0/webrick/httpserver.rb:138:in `service'
  /Users/lrajanal/.rvm/rubies/ruby-2.1.0/lib/ruby/2.1.0/webrick/httpserver.rb:94:in `run'
  /Users/lrajanal/.rvm/rubies/ruby-2.1.0/lib/ruby/2.1.0/webrick/server.rb:295:in `block in start_thread'


  Rendered /Users/lrajanal/.rvm/gems/ruby-2.1.0@global/gems/actionpack-4.1.8/lib/action_dispatch/middleware/templates/rescues/_source.erb (0.6ms)
  Rendered /Users/lrajanal/.rvm/gems/ruby-2.1.0@global/gems/actionpack-4.1.8/lib/action_dispatch/middleware/templates/rescues/_trace.html.erb (1.0ms)
  Rendered /Users/lrajanal/.rvm/gems/ruby-2.1.0@global/gems/actionpack-4.1.8/lib/action_dispatch/middleware/templates/rescues/_request_and_response.html.erb (1.1ms)
  Rendered /Users/lrajanal/.rvm/gems/ruby-2.1.0@global/gems/actionpack-4.1.8/lib/action_dispatch/middleware/templates/rescues/diagnostics.erb within rescues/layout (17.6ms)


Started GET "/comments/new/1" for 127.0.0.1 at 2015-04-02 23:42:21 +0530

ActionController::RoutingError (No route matches [GET] "/comments/new/1"):
  actionpack (4.1.8) lib/action_dispatch/middleware/debug_exceptions.rb:21:in `call'
  actionpack (4.1.8) lib/action_dispatch/middleware/show_exceptions.rb:30:in `call'
  railties (4.1.8) lib/rails/rack/logger.rb:38:in `call_app'
  railties (4.1.8) lib/rails/rack/logger.rb:20:in `block in call'
  activesupport (4.1.8) lib/active_support/tagged_logging.rb:68:in `block in tagged'
  activesupport (4.1.8) lib/active_support/tagged_logging.rb:26:in `tagged'
  activesupport (4.1.8) lib/active_support/tagged_logging.rb:68:in `tagged'
  railties (4.1.8) lib/rails/rack/logger.rb:20:in `call'
  actionpack (4.1.8) lib/action_dispatch/middleware/request_id.rb:21:in `call'
  rack (1.5.2) lib/rack/methodoverride.rb:21:in `call'
  rack (1.5.2) lib/rack/runtime.rb:17:in `call'
  activesupport (4.1.8) lib/active_support/cache/strategy/local_cache_middleware.rb:26:in `call'
  rack (1.5.2) lib/rack/lock.rb:17:in `call'
  actionpack (4.1.8) lib/action_dispatch/middleware/static.rb:84:in `call'
  rack (1.5.2) lib/rack/sendfile.rb:112:in `call'
  railties (4.1.8) lib/rails/engine.rb:514:in `call'
  railties (4.1.8) lib/rails/application.rb:144:in `call'
  rack (1.5.2) lib/rack/lock.rb:17:in `call'
  rack (1.5.2) lib/rack/content_length.rb:14:in `call'
  rack (1.5.2) lib/rack/handler/webrick.rb:60:in `service'
  /Users/lrajanal/.rvm/rubies/ruby-2.1.0/lib/ruby/2.1.0/webrick/httpserver.rb:138:in `service'
  /Users/lrajanal/.rvm/rubies/ruby-2.1.0/lib/ruby/2.1.0/webrick/httpserver.rb:94:in `run'
  /Users/lrajanal/.rvm/rubies/ruby-2.1.0/lib/ruby/2.1.0/webrick/server.rb:295:in `block in start_thread'


  Rendered /Users/lrajanal/.rvm/gems/ruby-2.1.0@global/gems/actionpack-4.1.8/lib/action_dispatch/middleware/templates/rescues/_trace.html.erb (0.9ms)
  Rendered /Users/lrajanal/.rvm/gems/ruby-2.1.0@global/gems/actionpack-4.1.8/lib/action_dispatch/middleware/templates/routes/_route.html.erb (1.4ms)
  Rendered /Users/lrajanal/.rvm/gems/ruby-2.1.0@global/gems/actionpack-4.1.8/lib/action_dispatch/middleware/templates/routes/_table.html.erb (6.3ms)
  Rendered /Users/lrajanal/.rvm/gems/ruby-2.1.0@global/gems/actionpack-4.1.8/lib/action_dispatch/middleware/templates/rescues/routing_error.html.erb within rescues/layout (33.0ms)


Started GET "/comments/1" for 127.0.0.1 at 2015-04-02 23:42:37 +0530
Processing by CommentsController#show as */*
  Parameters: {"id"=>"1"}
  [1m[35mComment Load (0.1ms)[0m  SELECT  "comments".* FROM "comments"  WHERE "comments"."id" = ? LIMIT 1  [["id", 1]]
  Rendered comments/show.html.erb within layouts/application (1.2ms)
Completed 200 OK in 83ms (Views: 80.8ms | ActiveRecord: 0.1ms)


Started GET "/comments" for 127.0.0.1 at 2015-04-03 09:39:56 +0530
Processing by CommentsController#index as HTML
  [1m[36mComment Load (1.8ms)[0m  [1mSELECT "comments".* FROM "comments"[0m
  Rendered comments/index.html.erb within layouts/application (12.0ms)
Completed 200 OK in 133ms (Views: 123.0ms | ActiveRecord: 1.8ms)


Started GET "/comments/new" for 127.0.0.1 at 2015-04-03 09:39:58 +0530
Processing by CommentsController#new as HTML
  Rendered comments/_form.html.erb (3.2ms)
  Rendered comments/new.html.erb within layouts/application (4.9ms)
Completed 200 OK in 50ms (Views: 49.1ms | ActiveRecord: 0.0ms)


Started POST "/comments" for 127.0.0.1 at 2015-04-03 09:40:05 +0530
Processing by CommentsController#create as HTML
  Parameters: {"utf8"=>"✓", "authenticity_token"=>"r+oiE/jahux843FmCWWBnIYTAIx2K6t3/I8yTRvmBwc=", "comment"=>{"post_id"=>"2", "body"=>"second comment"}, "commit"=>"Create Comment"}
  [1m[35m (0.2ms)[0m  begin transaction
  [1m[36mSQL (1.7ms)[0m  [1mINSERT INTO "comments" ("body", "created_at", "post_id", "updated_at") VALUES (?, ?, ?, ?)[0m  [["body", "second comment"], ["created_at", "2015-04-03 04:10:05.519653"], ["post_id", 2], ["updated_at", "2015-04-03 04:10:05.519653"]]
  [1m[35m (1.0ms)[0m  commit transaction
Redirected to http://localhost:3000/comments/2
Completed 302 Found in 9ms (ActiveRecord: 2.9ms)


Started GET "/comments/2" for 127.0.0.1 at 2015-04-03 09:40:05 +0530
Processing by CommentsController#show as HTML
  Parameters: {"id"=>"2"}
  [1m[36mComment Load (0.2ms)[0m  [1mSELECT  "comments".* FROM "comments"  WHERE "comments"."id" = ? LIMIT 1[0m  [["id", 2]]
  Rendered comments/show.html.erb within layouts/application (1.0ms)
Completed 200 OK in 56ms (Views: 54.4ms | ActiveRecord: 0.2ms)


Started GET "/assets/comments.css?body=1" for 127.0.0.1 at 2015-04-03 09:40:05 +0530


Started GET "/assets/turbolinks.js?body=1" for 127.0.0.1 at 2015-04-03 09:40:05 +0530


Started GET "/assets/scaffolds.css?body=1" for 127.0.0.1 at 2015-04-03 09:40:05 +0530


Started GET "/assets/comments.js?body=1" for 127.0.0.1 at 2015-04-03 09:40:05 +0530


Started GET "/assets/posts.css?body=1" for 127.0.0.1 at 2015-04-03 09:40:05 +0530


Started GET "/assets/application.css?body=1" for 127.0.0.1 at 2015-04-03 09:40:05 +0530


Started GET "/assets/posts.js?body=1" for 127.0.0.1 at 2015-04-03 09:40:05 +0530


Started GET "/assets/jquery.js?body=1" for 127.0.0.1 at 2015-04-03 09:40:05 +0530


Started GET "/assets/application.js?body=1" for 127.0.0.1 at 2015-04-03 09:40:05 +0530


Started GET "/assets/jquery_ujs.js?body=1" for 127.0.0.1 at 2015-04-03 09:40:05 +0530


Started GET "/comments" for 127.0.0.1 at 2015-04-03 09:40:09 +0530
Processing by CommentsController#index as HTML
  [1m[35mComment Load (0.1ms)[0m  SELECT "comments".* FROM "comments"
  Rendered comments/index.html.erb within layouts/application (1.3ms)
Completed 200 OK in 47ms (Views: 46.8ms | ActiveRecord: 0.1ms)


Started GET "/comments" for 127.0.0.1 at 2015-04-03 09:40:11 +0530
Processing by CommentsController#index as HTML
  [1m[36mComment Load (0.2ms)[0m  [1mSELECT "comments".* FROM "comments"[0m
  Rendered comments/index.html.erb within layouts/application (2.0ms)
Completed 200 OK in 49ms (Views: 47.9ms | ActiveRecord: 0.2ms)


Started GET "/assets/posts.css?body=1" for 127.0.0.1 at 2015-04-03 09:40:11 +0530


Started GET "/assets/comments.css?body=1" for 127.0.0.1 at 2015-04-03 09:40:11 +0530


Started GET "/assets/comments.js?body=1" for 127.0.0.1 at 2015-04-03 09:40:11 +0530


Started GET "/assets/posts.js?body=1" for 127.0.0.1 at 2015-04-03 09:40:11 +0530


Started GET "/assets/scaffolds.css?body=1" for 127.0.0.1 at 2015-04-03 09:40:12 +0530


Started GET "/assets/jquery_ujs.js?body=1" for 127.0.0.1 at 2015-04-03 09:40:12 +0530


Started GET "/assets/turbolinks.js?body=1" for 127.0.0.1 at 2015-04-03 09:40:12 +0530


Started GET "/assets/application.css?body=1" for 127.0.0.1 at 2015-04-03 09:40:12 +0530


Started GET "/assets/jquery.js?body=1" for 127.0.0.1 at 2015-04-03 09:40:12 +0530


Started GET "/assets/application.js?body=1" for 127.0.0.1 at 2015-04-03 09:40:12 +0530


Started DELETE "/comments/1" for 127.0.0.1 at 2015-04-03 09:40:20 +0530
Processing by CommentsController#destroy as HTML
  Parameters: {"authenticity_token"=>"r+oiE/jahux843FmCWWBnIYTAIx2K6t3/I8yTRvmBwc=", "id"=>"1"}
  [1m[35mComment Load (0.1ms)[0m  SELECT  "comments".* FROM "comments"  WHERE "comments"."id" = ? LIMIT 1  [["id", 1]]
  [1m[36m (0.1ms)[0m  [1mbegin transaction[0m
  [1m[35mSQL (0.2ms)[0m  DELETE FROM "comments" WHERE "comments"."id" = ?  [["id", 1]]
  [1m[36m (0.7ms)[0m  [1mcommit transaction[0m
Redirected to http://localhost:3000/comments
Completed 302 Found in 12ms (ActiveRecord: 1.1ms)


Started GET "/comments" for 127.0.0.1 at 2015-04-03 09:40:20 +0530
Processing by CommentsController#index as HTML
  [1m[35mComment Load (0.2ms)[0m  SELECT "comments".* FROM "comments"
  Rendered comments/index.html.erb within layouts/application (1.7ms)
Completed 200 OK in 57ms (Views: 56.0ms | ActiveRecord: 0.2ms)


Started GET "/assets/comments.css?body=1" for 127.0.0.1 at 2015-04-03 09:40:20 +0530


Started GET "/assets/posts.css?body=1" for 127.0.0.1 at 2015-04-03 09:40:20 +0530


Started GET "/assets/jquery.js?body=1" for 127.0.0.1 at 2015-04-03 09:40:20 +0530


Started GET "/assets/comments.js?body=1" for 127.0.0.1 at 2015-04-03 09:40:20 +0530


Started GET "/assets/turbolinks.js?body=1" for 127.0.0.1 at 2015-04-03 09:40:20 +0530


Started GET "/assets/jquery_ujs.js?body=1" for 127.0.0.1 at 2015-04-03 09:40:20 +0530


Started GET "/assets/application.js?body=1" for 127.0.0.1 at 2015-04-03 09:40:20 +0530


Started GET "/assets/scaffolds.css?body=1" for 127.0.0.1 at 2015-04-03 09:40:20 +0530


Started GET "/assets/application.css?body=1" for 127.0.0.1 at 2015-04-03 09:40:20 +0530


Started GET "/assets/posts.js?body=1" for 127.0.0.1 at 2015-04-03 09:40:20 +0530


Started DELETE "/comments/2" for 127.0.0.1 at 2015-04-03 09:40:23 +0530
Processing by CommentsController#destroy as HTML
  Parameters: {"authenticity_token"=>"r+oiE/jahux843FmCWWBnIYTAIx2K6t3/I8yTRvmBwc=", "id"=>"2"}
  [1m[36mComment Load (0.1ms)[0m  [1mSELECT  "comments".* FROM "comments"  WHERE "comments"."id" = ? LIMIT 1[0m  [["id", 2]]
  [1m[35m (0.1ms)[0m  begin transaction
  [1m[36mSQL (0.3ms)[0m  [1mDELETE FROM "comments" WHERE "comments"."id" = ?[0m  [["id", 2]]
  [1m[35m (8.7ms)[0m  commit transaction
Redirected to http://localhost:3000/comments
Completed 302 Found in 14ms (ActiveRecord: 9.2ms)


Started GET "/comments" for 127.0.0.1 at 2015-04-03 09:40:23 +0530
Processing by CommentsController#index as HTML
  [1m[36mComment Load (0.2ms)[0m  [1mSELECT "comments".* FROM "comments"[0m
  Rendered comments/index.html.erb within layouts/application (0.8ms)
Completed 200 OK in 84ms (Views: 83.0ms | ActiveRecord: 0.2ms)


Started GET "/assets/scaffolds.css?body=1" for 127.0.0.1 at 2015-04-03 09:40:23 +0530


Started GET "/assets/jquery_ujs.js?body=1" for 127.0.0.1 at 2015-04-03 09:40:23 +0530


Started GET "/assets/posts.css?body=1" for 127.0.0.1 at 2015-04-03 09:40:23 +0530


Started GET "/assets/comments.css?body=1" for 127.0.0.1 at 2015-04-03 09:40:23 +0530


Started GET "/assets/application.css?body=1" for 127.0.0.1 at 2015-04-03 09:40:23 +0530


Started GET "/assets/application.js?body=1" for 127.0.0.1 at 2015-04-03 09:40:23 +0530


Started GET "/assets/posts.js?body=1" for 127.0.0.1 at 2015-04-03 09:40:23 +0530


Started GET "/assets/jquery.js?body=1" for 127.0.0.1 at 2015-04-03 09:40:23 +0530


Started GET "/assets/turbolinks.js?body=1" for 127.0.0.1 at 2015-04-03 09:40:23 +0530


Started GET "/assets/comments.js?body=1" for 127.0.0.1 at 2015-04-03 09:40:23 +0530


Started GET "/" for 127.0.0.1 at 2015-04-04 12:54:49 +0530
  [1m[36mActiveRecord::SchemaMigration Load (0.5ms)[0m  [1mSELECT "schema_migrations".* FROM "schema_migrations"[0m
Processing by Rails::WelcomeController#index as HTML
  Rendered /Users/lrajanal/.rvm/gems/ruby-2.1.0@global/gems/railties-4.1.8/lib/rails/templates/rails/welcome/index.html.erb (1.2ms)
Completed 200 OK in 13ms (Views: 5.2ms | ActiveRecord: 0.0ms)


Started GET "/comments" for 127.0.0.1 at 2015-04-04 12:54:53 +0530
Processing by CommentsController#index as HTML
  [1m[35mComment Load (0.5ms)[0m  SELECT "comments".* FROM "comments"
  Rendered comments/index.html.erb within layouts/application (1.8ms)
Completed 200 OK in 108ms (Views: 105.3ms | ActiveRecord: 0.5ms)


Started GET "/assets/jquery_ujs.js?body=1" for 127.0.0.1 at 2015-04-04 12:54:54 +0530


Started GET "/assets/scaffolds.css?body=1" for 127.0.0.1 at 2015-04-04 12:54:54 +0530


Started GET "/assets/comments.css?body=1" for 127.0.0.1 at 2015-04-04 12:54:54 +0530


Started GET "/assets/comments.js?body=1" for 127.0.0.1 at 2015-04-04 12:54:54 +0530


Started GET "/assets/posts.css?body=1" for 127.0.0.1 at 2015-04-04 12:54:54 +0530


Started GET "/assets/application.css?body=1" for 127.0.0.1 at 2015-04-04 12:54:54 +0530


Started GET "/assets/turbolinks.js?body=1" for 127.0.0.1 at 2015-04-04 12:54:54 +0530


Started GET "/assets/jquery.js?body=1" for 127.0.0.1 at 2015-04-04 12:54:54 +0530


Started GET "/assets/posts.js?body=1" for 127.0.0.1 at 2015-04-04 12:54:54 +0530


Started GET "/assets/application.js?body=1" for 127.0.0.1 at 2015-04-04 12:54:54 +0530


Started GET "/posts" for 127.0.0.1 at 2015-04-04 12:55:02 +0530
Processing by PostsController#index as HTML
  [1m[36mPost Load (0.4ms)[0m  [1mSELECT "posts".* FROM "posts"[0m
  Rendered posts/index.html.erb within layouts/application (2.1ms)
Completed 200 OK in 82ms (Views: 78.7ms | ActiveRecord: 0.4ms)


Started GET "/assets/comments.css?body=1" for 127.0.0.1 at 2015-04-04 12:55:02 +0530


Started GET "/assets/jquery.js?body=1" for 127.0.0.1 at 2015-04-04 12:55:02 +0530


Started GET "/assets/scaffolds.css?body=1" for 127.0.0.1 at 2015-04-04 12:55:02 +0530


Started GET "/assets/application.css?body=1" for 127.0.0.1 at 2015-04-04 12:55:02 +0530


Started GET "/assets/posts.css?body=1" for 127.0.0.1 at 2015-04-04 12:55:02 +0530


Started GET "/assets/turbolinks.js?body=1" for 127.0.0.1 at 2015-04-04 12:55:02 +0530


Started GET "/assets/jquery_ujs.js?body=1" for 127.0.0.1 at 2015-04-04 12:55:02 +0530


Started GET "/assets/comments.js?body=1" for 127.0.0.1 at 2015-04-04 12:55:02 +0530


Started GET "/assets/posts.js?body=1" for 127.0.0.1 at 2015-04-04 12:55:02 +0530


Started GET "/assets/application.js?body=1" for 127.0.0.1 at 2015-04-04 12:55:02 +0530


Started GET "/posts/q" for 127.0.0.1 at 2015-04-04 12:55:06 +0530
Processing by PostsController#show as HTML
  Parameters: {"id"=>"q"}
  [1m[35mPost Load (0.2ms)[0m  SELECT  "posts".* FROM "posts"  WHERE "posts"."id" = ? LIMIT 1  [["id", 0]]
Completed 404 Not Found in 4ms

ActiveRecord::RecordNotFound (Couldn't find Post with 'id'=q):
  app/controllers/posts_controller.rb:67:in `set_post'


  Rendered /Users/lrajanal/.rvm/gems/ruby-2.1.0@global/gems/actionpack-4.1.8/lib/action_dispatch/middleware/templates/rescues/_source.erb (0.7ms)
  Rendered /Users/lrajanal/.rvm/gems/ruby-2.1.0@global/gems/actionpack-4.1.8/lib/action_dispatch/middleware/templates/rescues/_trace.html.erb (2.0ms)
  Rendered /Users/lrajanal/.rvm/gems/ruby-2.1.0@global/gems/actionpack-4.1.8/lib/action_dispatch/middleware/templates/rescues/_request_and_response.html.erb (1.1ms)
  Rendered /Users/lrajanal/.rvm/gems/ruby-2.1.0@global/gems/actionpack-4.1.8/lib/action_dispatch/middleware/templates/rescues/diagnostics.erb within rescues/layout (21.3ms)


Started GET "/posts/1" for 127.0.0.1 at 2015-04-04 12:55:13 +0530
Processing by PostsController#show as HTML
  Parameters: {"id"=>"1"}
  [1m[36mPost Load (0.1ms)[0m  [1mSELECT  "posts".* FROM "posts"  WHERE "posts"."id" = ? LIMIT 1[0m  [["id", 1]]
Completed 404 Not Found in 2ms

ActiveRecord::RecordNotFound (Couldn't find Post with 'id'=1):
  app/controllers/posts_controller.rb:67:in `set_post'


  Rendered /Users/lrajanal/.rvm/gems/ruby-2.1.0@global/gems/actionpack-4.1.8/lib/action_dispatch/middleware/templates/rescues/_source.erb (0.7ms)
  Rendered /Users/lrajanal/.rvm/gems/ruby-2.1.0@global/gems/actionpack-4.1.8/lib/action_dispatch/middleware/templates/rescues/_trace.html.erb (1.4ms)
  Rendered /Users/lrajanal/.rvm/gems/ruby-2.1.0@global/gems/actionpack-4.1.8/lib/action_dispatch/middleware/templates/rescues/_request_and_response.html.erb (1.1ms)
  Rendered /Users/lrajanal/.rvm/gems/ruby-2.1.0@global/gems/actionpack-4.1.8/lib/action_dispatch/middleware/templates/rescues/diagnostics.erb within rescues/layout (16.6ms)


Started GET "/comments/1" for 127.0.0.1 at 2015-04-04 12:55:21 +0530
Processing by CommentsController#show as HTML
  Parameters: {"id"=>"1"}
  [1m[35mComment Load (0.1ms)[0m  SELECT  "comments".* FROM "comments"  WHERE "comments"."id" = ? LIMIT 1  [["id", 1]]
Completed 404 Not Found in 2ms

ActiveRecord::RecordNotFound (Couldn't find Comment with 'id'=1):
  app/controllers/comments_controller.rb:67:in `set_comment'


  Rendered /Users/lrajanal/.rvm/gems/ruby-2.1.0@global/gems/actionpack-4.1.8/lib/action_dispatch/middleware/templates/rescues/_source.erb (0.5ms)
  Rendered /Users/lrajanal/.rvm/gems/ruby-2.1.0@global/gems/actionpack-4.1.8/lib/action_dispatch/middleware/templates/rescues/_trace.html.erb (0.9ms)
  Rendered /Users/lrajanal/.rvm/gems/ruby-2.1.0@global/gems/actionpack-4.1.8/lib/action_dispatch/middleware/templates/rescues/_request_and_response.html.erb (1.7ms)
  Rendered /Users/lrajanal/.rvm/gems/ruby-2.1.0@global/gems/actionpack-4.1.8/lib/action_dispatch/middleware/templates/rescues/diagnostics.erb within rescues/layout (15.0ms)


Started GET "/" for 127.0.0.1 at 2015-04-06 22:46:15 +0530
  [1m[36mActiveRecord::SchemaMigration Load (0.1ms)[0m  [1mSELECT "schema_migrations".* FROM "schema_migrations"[0m
Processing by Rails::WelcomeController#index as HTML
  Rendered /Users/lrajanal/.rvm/gems/ruby-2.1.0@global/gems/railties-4.1.8/lib/rails/templates/rails/welcome/index.html.erb (2.3ms)
Completed 200 OK in 19ms (Views: 9.6ms | ActiveRecord: 0.0ms)


Started GET "/comments" for 127.0.0.1 at 2015-04-06 22:46:26 +0530
Processing by CommentsController#index as HTML
  [1m[35mComment Load (0.1ms)[0m  SELECT "comments".* FROM "comments"
  Rendered comments/index.html.erb within layouts/application (3.0ms)
Completed 200 OK in 114ms (Views: 111.3ms | ActiveRecord: 0.1ms)


Started GET "/assets/scaffolds.css?body=1" for 127.0.0.1 at 2015-04-06 22:46:26 +0530


Started GET "/assets/comments.css?body=1" for 127.0.0.1 at 2015-04-06 22:46:26 +0530


Started GET "/assets/jquery_ujs.js?body=1" for 127.0.0.1 at 2015-04-06 22:46:26 +0530


Started GET "/assets/application.css?body=1" for 127.0.0.1 at 2015-04-06 22:46:26 +0530


Started GET "/assets/posts.css?body=1" for 127.0.0.1 at 2015-04-06 22:46:26 +0530


Started GET "/assets/jquery.js?body=1" for 127.0.0.1 at 2015-04-06 22:46:26 +0530


Started GET "/assets/turbolinks.js?body=1" for 127.0.0.1 at 2015-04-06 22:46:26 +0530


Started GET "/assets/comments.js?body=1" for 127.0.0.1 at 2015-04-06 22:46:26 +0530


Started GET "/assets/posts.js?body=1" for 127.0.0.1 at 2015-04-06 22:46:26 +0530


Started GET "/assets/application.js?body=1" for 127.0.0.1 at 2015-04-06 22:46:26 +0530


Started GET "/comments/new" for 127.0.0.1 at 2015-04-06 22:46:27 +0530
Processing by CommentsController#new as HTML
  Rendered comments/_form.html.erb (27.0ms)
  Rendered comments/new.html.erb within layouts/application (31.6ms)
Completed 200 OK in 81ms (Views: 80.1ms | ActiveRecord: 0.2ms)


Started POST "/comments" for 127.0.0.1 at 2015-04-06 22:46:35 +0530
Processing by CommentsController#create as HTML
  Parameters: {"utf8"=>"✓", "authenticity_token"=>"HoZ4z3pLBaAljxR79npU51e7oN0xE4ss1tAfpWcKZko=", "comment"=>{"post_id"=>"1", "body"=>"First body"}, "commit"=>"Create Comment"}
  [1m[36m (0.2ms)[0m  [1mbegin transaction[0m
  [1m[35mSQL (1.0ms)[0m  INSERT INTO "comments" ("body", "created_at", "post_id", "updated_at") VALUES (?, ?, ?, ?)  [["body", "First body"], ["created_at", "2015-04-06 17:16:35.922009"], ["post_id", 1], ["updated_at", "2015-04-06 17:16:35.922009"]]
  [1m[36m (1.5ms)[0m  [1mcommit transaction[0m
Redirected to http://localhost:3000/comments/3
Completed 302 Found in 16ms (ActiveRecord: 2.7ms)


Started GET "/comments/3" for 127.0.0.1 at 2015-04-06 22:46:35 +0530
Processing by CommentsController#show as HTML
  Parameters: {"id"=>"3"}
  [1m[35mComment Load (0.2ms)[0m  SELECT  "comments".* FROM "comments"  WHERE "comments"."id" = ? LIMIT 1  [["id", 3]]
  Rendered comments/show.html.erb within layouts/application (1.1ms)
Completed 200 OK in 63ms (Views: 60.8ms | ActiveRecord: 0.2ms)


Started GET "/posts" for 127.0.0.1 at 2015-04-06 22:47:05 +0530
Processing by PostsController#index as HTML
  [1m[36mPost Load (0.1ms)[0m  [1mSELECT "posts".* FROM "posts"[0m
  Rendered posts/index.html.erb within layouts/application (1.2ms)
Completed 200 OK in 54ms (Views: 51.3ms | ActiveRecord: 0.1ms)


Started GET "/posts/new" for 127.0.0.1 at 2015-04-06 22:47:07 +0530
Processing by PostsController#new as HTML
  Rendered posts/_form.html.erb (4.6ms)
  Rendered posts/new.html.erb within layouts/application (6.3ms)
Completed 200 OK in 68ms (Views: 66.5ms | ActiveRecord: 0.3ms)


Started POST "/posts" for 127.0.0.1 at 2015-04-06 22:47:22 +0530
Processing by PostsController#create as HTML
  Parameters: {"utf8"=>"✓", "authenticity_token"=>"HoZ4z3pLBaAljxR79npU51e7oN0xE4ss1tAfpWcKZko=", "post"=>{"title"=>"new post", "body"=>"first post body"}, "commit"=>"Create Post"}
  [1m[35m (0.1ms)[0m  begin transaction
  [1m[36mSQL (0.8ms)[0m  [1mINSERT INTO "posts" ("body", "created_at", "title", "updated_at") VALUES (?, ?, ?, ?)[0m  [["body", "first post body"], ["created_at", "2015-04-06 17:17:22.891965"], ["title", "new post"], ["updated_at", "2015-04-06 17:17:22.891965"]]
  [1m[35m (0.8ms)[0m  commit transaction
Redirected to http://localhost:3000/posts/1
Completed 302 Found in 6ms (ActiveRecord: 1.6ms)


Started GET "/posts/1" for 127.0.0.1 at 2015-04-06 22:47:22 +0530
Processing by PostsController#show as HTML
  Parameters: {"id"=>"1"}
  [1m[36mPost Load (0.8ms)[0m  [1mSELECT  "posts".* FROM "posts"  WHERE "posts"."id" = ? LIMIT 1[0m  [["id", 1]]
  Rendered posts/show.html.erb within layouts/application (2.3ms)
Completed 200 OK in 66ms (Views: 60.7ms | ActiveRecord: 0.8ms)


Started GET "/posts/1/edit" for 127.0.0.1 at 2015-04-06 22:51:26 +0530
Processing by PostsController#edit as HTML
  Parameters: {"id"=>"1"}
  [1m[35mPost Load (0.1ms)[0m  SELECT  "posts".* FROM "posts"  WHERE "posts"."id" = ? LIMIT 1  [["id", 1]]
  Rendered posts/_form.html.erb (1.8ms)
  Rendered posts/edit.html.erb within layouts/application (3.4ms)
Completed 200 OK in 60ms (Views: 58.3ms | ActiveRecord: 0.1ms)


Started PATCH "/posts/1" for 127.0.0.1 at 2015-04-06 22:51:33 +0530
Processing by PostsController#update as HTML
  Parameters: {"utf8"=>"✓", "authenticity_token"=>"HoZ4z3pLBaAljxR79npU51e7oN0xE4ss1tAfpWcKZko=", "post"=>{"title"=>"new post edited", "body"=>"first post body edited"}, "commit"=>"Update Post", "id"=>"1"}
  [1m[36mPost Load (0.4ms)[0m  [1mSELECT  "posts".* FROM "posts"  WHERE "posts"."id" = ? LIMIT 1[0m  [["id", 1]]
  [1m[35m (0.1ms)[0m  begin transaction
  [1m[36mSQL (0.5ms)[0m  [1mUPDATE "posts" SET "body" = ?, "title" = ?, "updated_at" = ? WHERE "posts"."id" = 1[0m  [["body", "first post body edited"], ["title", "new post edited"], ["updated_at", "2015-04-06 17:21:33.151106"]]
  [1m[35m (0.7ms)[0m  commit transaction
Redirected to http://localhost:3000/posts/1
Completed 302 Found in 7ms (ActiveRecord: 1.7ms)


Started GET "/posts/1" for 127.0.0.1 at 2015-04-06 22:51:33 +0530
Processing by PostsController#show as HTML
  Parameters: {"id"=>"1"}
  [1m[36mPost Load (0.4ms)[0m  [1mSELECT  "posts".* FROM "posts"  WHERE "posts"."id" = ? LIMIT 1[0m  [["id", 1]]
  Rendered posts/show.html.erb within layouts/application (0.4ms)
Completed 200 OK in 57ms (Views: 53.8ms | ActiveRecord: 0.4ms)


Started GET "/comments/3" for 127.0.0.1 at 2015-04-06 22:51:48 +0530
Processing by CommentsController#show as HTML
  Parameters: {"id"=>"3"}
  [1m[35mComment Load (0.1ms)[0m  SELECT  "comments".* FROM "comments"  WHERE "comments"."id" = ? LIMIT 1  [["id", 3]]
  Rendered comments/show.html.erb within layouts/application (0.7ms)
Completed 200 OK in 58ms (Views: 55.9ms | ActiveRecord: 0.1ms)


Started GET "/comments" for 127.0.0.1 at 2015-04-06 22:51:49 +0530
Processing by CommentsController#index as HTML
  [1m[36mComment Load (0.1ms)[0m  [1mSELECT "comments".* FROM "comments"[0m
  Rendered comments/index.html.erb within layouts/application (1.0ms)
Completed 200 OK in 58ms (Views: 57.8ms | ActiveRecord: 0.1ms)


Started GET "/assets/comments.css?body=1" for 127.0.0.1 at 2015-04-06 22:51:49 +0530


Started GET "/assets/posts.css?body=1" for 127.0.0.1 at 2015-04-06 22:51:49 +0530


Started GET "/assets/scaffolds.css?body=1" for 127.0.0.1 at 2015-04-06 22:51:49 +0530


Started GET "/assets/jquery.js?body=1" for 127.0.0.1 at 2015-04-06 22:51:49 +0530


Started GET "/assets/jquery_ujs.js?body=1" for 127.0.0.1 at 2015-04-06 22:51:49 +0530


Started GET "/assets/application.css?body=1" for 127.0.0.1 at 2015-04-06 22:51:49 +0530


Started GET "/assets/turbolinks.js?body=1" for 127.0.0.1 at 2015-04-06 22:51:49 +0530


Started GET "/assets/comments.js?body=1" for 127.0.0.1 at 2015-04-06 22:51:49 +0530


Started GET "/assets/posts.js?body=1" for 127.0.0.1 at 2015-04-06 22:51:49 +0530


Started GET "/assets/application.js?body=1" for 127.0.0.1 at 2015-04-06 22:51:49 +0530


Started GET "/comments/3/edit" for 127.0.0.1 at 2015-04-06 22:51:50 +0530
Processing by CommentsController#edit as HTML
  Parameters: {"id"=>"3"}
  [1m[35mComment Load (0.5ms)[0m  SELECT  "comments".* FROM "comments"  WHERE "comments"."id" = ? LIMIT 1  [["id", 3]]
  Rendered comments/_form.html.erb (1.5ms)
  Rendered comments/edit.html.erb within layouts/application (2.8ms)
Completed 200 OK in 60ms (Views: 56.8ms | ActiveRecord: 0.5ms)


Started PATCH "/comments/3" for 127.0.0.1 at 2015-04-06 22:51:55 +0530
Processing by CommentsController#update as HTML
  Parameters: {"utf8"=>"✓", "authenticity_token"=>"HoZ4z3pLBaAljxR79npU51e7oN0xE4ss1tAfpWcKZko=", "comment"=>{"post_id"=>"1", "body"=>"First body edited"}, "commit"=>"Update Comment", "id"=>"3"}
  [1m[36mComment Load (0.5ms)[0m  [1mSELECT  "comments".* FROM "comments"  WHERE "comments"."id" = ? LIMIT 1[0m  [["id", 3]]
  [1m[35m (0.2ms)[0m  begin transaction
  [1m[36mSQL (0.8ms)[0m  [1mUPDATE "comments" SET "body" = ?, "updated_at" = ? WHERE "comments"."id" = 3[0m  [["body", "First body edited"], ["updated_at", "2015-04-06 17:21:55.123851"]]
  [1m[35m (10.0ms)[0m  commit transaction
Redirected to http://localhost:3000/comments/3
Completed 302 Found in 26ms (ActiveRecord: 11.5ms)


Started GET "/comments/3" for 127.0.0.1 at 2015-04-06 22:51:55 +0530
Processing by CommentsController#show as HTML
  Parameters: {"id"=>"3"}
  [1m[36mComment Load (0.1ms)[0m  [1mSELECT  "comments".* FROM "comments"  WHERE "comments"."id" = ? LIMIT 1[0m  [["id", 3]]
  Rendered comments/show.html.erb within layouts/application (0.7ms)
Completed 200 OK in 49ms (Views: 47.4ms | ActiveRecord: 0.1ms)
